1651337358126	geckodriver	INFO	Listening on 127.0.0.1:45929
1651337358188	mozrunner::runner	INFO	Running command: "/usr/bin/firefox" "--marionette" "--remote-debugging-port" "43413" "--remote-allow-hosts" "localhost" "-no-remote" "-profile" "/tmp/rust_mozprofileBrAhjC"
console.error: Enterprise Policies: 
  Error parsing JSON file: SyntaxError: JSON.parse: expected double-quoted property name at line 16 column 5 of the JSON data
1651337358586	Marionette	INFO	Marionette enabled
console.warn: SearchSettings: "get: No settings file exists, new profile?" (new NotFoundError("Could not open the file at /tmp/rust_mozprofileBrAhjC/search.json.mozlz4", (void 0)))
DevTools listening on ws://localhost:43413/devtools/browser/046c5848-a5e1-46e3-9dbc-9edc96073d4b
1651337360204	Marionette	INFO	Listening on port 36751
1651337360256	RemoteAgent	WARN	TLS certificate errors will be ignored for this session
1651337364515	Marionette	INFO	Stopped listening on port 36751
JavaScript error: resource:///modules/Interactions.jsm, line 209: NS_ERROR_FAILURE: Component returned failure code: 0x80004005 (NS_ERROR_FAILURE) [nsIUserIdleService.removeIdleObserver]
JavaScript error: chrome://remote/content/marionette/cert.js, line 55: NS_ERROR_NOT_AVAILABLE: Component returned failure code: 0x80040111 (NS_ERROR_NOT_AVAILABLE) [nsICertOverrideService.setDisableAllSecurityChecksAndLetAttackersInterceptMyData]
!!! error running onStopped callback: TypeError: callback is not a function

###!!! [Parent][RunMessage] Error: Channel closing: too late to send/recv, messages will be lost

1651337364855	RemoteAgent	ERROR	unable to stop listener: [Exception... "Component returned failure code: 0x8000ffff (NS_ERROR_UNEXPECTED) [nsIWindowMediator.getEnumerator]"  nsresult: "0x8000ffff (NS_ERROR_UNEXPECTED)"  location: "JS frame :: chrome://remote/content/cdp/observers/TargetObserver.jsm :: stop :: line 64"  data: no] Stack trace: stop()@TargetObserver.jsm:64
unwatchForTabs()@TargetList.jsm:70
unwatchForTargets()@TargetList.jsm:37
destructor()@TargetList.jsm:109
stop()@CDP.jsm:104
close()@RemoteAgent.jsm:138
1651337367812	geckodriver::marionette	ERROR	Failed to close browser connection: Socket not connected (os error 107)
1651337457244	geckodriver	INFO	Listening on 127.0.0.1:57913
1651337457296	mozrunner::runner	INFO	Running command: "/usr/bin/firefox" "--marionette" "--remote-debugging-port" "36111" "--remote-allow-hosts" "localhost" "-no-remote" "-profile" "/tmp/rust_mozprofileRhwwie"
console.error: Enterprise Policies: 
  Error parsing JSON file: SyntaxError: JSON.parse: expected double-quoted property name at line 16 column 5 of the JSON data
1651337457693	Marionette	INFO	Marionette enabled
console.warn: SearchSettings: "get: No settings file exists, new profile?" (new NotFoundError("Could not open the file at /tmp/rust_mozprofileRhwwie/search.json.mozlz4", (void 0)))
DevTools listening on ws://localhost:36111/devtools/browser/c11ec1a6-84d8-4895-b449-777f417363d6
1651337459026	Marionette	INFO	Listening on port 33717
1651337459243	RemoteAgent	WARN	TLS certificate errors will be ignored for this session
1651337462011	Marionette	INFO	Stopped listening on port 33717
JavaScript error: resource:///modules/Interactions.jsm, line 209: NS_ERROR_FAILURE: Component returned failure code: 0x80004005 (NS_ERROR_FAILURE) [nsIUserIdleService.removeIdleObserver]
JavaScript error: chrome://remote/content/marionette/cert.js, line 55: NS_ERROR_NOT_AVAILABLE: Component returned failure code: 0x80040111 (NS_ERROR_NOT_AVAILABLE) [nsICertOverrideService.setDisableAllSecurityChecksAndLetAttackersInterceptMyData]
!!! error running onStopped callback: TypeError: callback is not a function
1651337462338	RemoteAgent	ERROR	unable to stop listener: [Exception... "Component returned failure code: 0x8000ffff (NS_ERROR_UNEXPECTED) [nsIWindowMediator.getEnumerator]"  nsresult: "0x8000ffff (NS_ERROR_UNEXPECTED)"  location: "JS frame :: chrome://remote/content/cdp/observers/TargetObserver.jsm :: stop :: line 64"  data: no] Stack trace: stop()@TargetObserver.jsm:64
unwatchForTabs()@TargetList.jsm:70
unwatchForTargets()@TargetList.jsm:37
destructor()@TargetList.jsm:109
stop()@CDP.jsm:104
close()@RemoteAgent.jsm:138
1651337478894	geckodriver	INFO	Listening on 127.0.0.1:34239
1651337478959	mozrunner::runner	INFO	Running command: "/usr/bin/firefox" "--marionette" "--remote-debugging-port" "50337" "--remote-allow-hosts" "localhost" "-no-remote" "-profile" "/tmp/rust_mozprofilewXMmDr"
console.error: Enterprise Policies: 
  Error parsing JSON file: SyntaxError: JSON.parse: expected double-quoted property name at line 16 column 5 of the JSON data
1651337479356	Marionette	INFO	Marionette enabled
console.warn: SearchSettings: "get: No settings file exists, new profile?" (new NotFoundError("Could not open the file at /tmp/rust_mozprofilewXMmDr/search.json.mozlz4", (void 0)))
DevTools listening on ws://localhost:50337/devtools/browser/7318cc40-b61b-4027-918c-e2a3ef4a5f16
1651337480708	Marionette	INFO	Listening on port 44229
1651337480834	RemoteAgent	WARN	TLS certificate errors will be ignored for this session
1651337489487	Marionette	INFO	Stopped listening on port 44229
JavaScript error: resource:///modules/Interactions.jsm, line 209: NS_ERROR_FAILURE: Component returned failure code: 0x80004005 (NS_ERROR_FAILURE) [nsIUserIdleService.removeIdleObserver]
JavaScript error: chrome://remote/content/marionette/cert.js, line 55: NS_ERROR_NOT_AVAILABLE: Component returned failure code: 0x80040111 (NS_ERROR_NOT_AVAILABLE) [nsICertOverrideService.setDisableAllSecurityChecksAndLetAttackersInterceptMyData]
!!! error running onStopped callback: TypeError: callback is not a function

###!!! [Parent][RunMessage] Error: Channel closing: too late to send/recv, messages will be lost

1651337489816	RemoteAgent	ERROR	unable to stop listener: [Exception... "Component returned failure code: 0x8000ffff (NS_ERROR_UNEXPECTED) [nsIWindowMediator.getEnumerator]"  nsresult: "0x8000ffff (NS_ERROR_UNEXPECTED)"  location: "JS frame :: chrome://remote/content/cdp/observers/TargetObserver.jsm :: stop :: line 64"  data: no] Stack trace: stop()@TargetObserver.jsm:64
unwatchForTabs()@TargetList.jsm:70
unwatchForTargets()@TargetList.jsm:37
destructor()@TargetList.jsm:109
stop()@CDP.jsm:104
close()@RemoteAgent.jsm:138
1651337501840	geckodriver::marionette	ERROR	Failed to close browser connection: Socket not connected (os error 107)
1651337517334	geckodriver	INFO	Listening on 127.0.0.1:42931
1651337517395	mozrunner::runner	INFO	Running command: "/usr/bin/firefox" "--marionette" "--remote-debugging-port" "36369" "--remote-allow-hosts" "localhost" "-no-remote" "-profile" "/tmp/rust_mozprofileeRQdIE"
console.error: Enterprise Policies: 
  Error parsing JSON file: SyntaxError: JSON.parse: expected double-quoted property name at line 16 column 5 of the JSON data
1651337517785	Marionette	INFO	Marionette enabled
console.warn: SearchSettings: "get: No settings file exists, new profile?" (new NotFoundError("Could not open the file at /tmp/rust_mozprofileeRQdIE/search.json.mozlz4", (void 0)))
DevTools listening on ws://localhost:36369/devtools/browser/6d4d0018-0376-4a52-b712-0ea0bae8bd4b
1651337519922	Marionette	INFO	Listening on port 46493
1651337519947	RemoteAgent	WARN	TLS certificate errors will be ignored for this session
JavaScript error: http://172.17.0.2:1337/script.js, line 1: SyntaxError: expected expression, got '<'
JavaScript error: http://172.17.0.2:1337/script.js, line 1: SyntaxError: expected expression, got '<'
JavaScript error: http://172.17.0.2:1337/script.js, line 1: SyntaxError: expected expression, got '<'
JavaScript error: http://172.17.0.2:1337/script.js, line 1: SyntaxError: expected expression, got '<'
JavaScript error: http://172.17.0.2:1337/script.js, line 1: SyntaxError: expected expression, got '<'
1651337558879	geckodriver	INFO	Listening on 127.0.0.1:57969
1651337558966	mozrunner::runner	INFO	Running command: "/usr/bin/firefox" "--marionette" "--remote-debugging-port" "58347" "--remote-allow-hosts" "localhost" "-no-remote" "-profile" "/tmp/rust_mozprofileTEsfMt"
console.error: Enterprise Policies: 
  Error parsing JSON file: SyntaxError: JSON.parse: expected double-quoted property name at line 16 column 5 of the JSON data
1651337559364	Marionette	INFO	Marionette enabled
console.warn: SearchSettings: "get: No settings file exists, new profile?" (new NotFoundError("Could not open the file at /tmp/rust_mozprofileTEsfMt/search.json.mozlz4", (void 0)))
DevTools listening on ws://localhost:58347/devtools/browser/e213feb6-6acc-40ed-8e05-a83db365fb4d
1651337560746	Marionette	INFO	Listening on port 35497
1651337560814	RemoteAgent	WARN	TLS certificate errors will be ignored for this session
JavaScript error: http://172.17.0.2:1337/script.js, line 1: SyntaxError: expected expression, got '<'
JavaScript error: http://172.17.0.2:1337/script.js, line 1: SyntaxError: expected expression, got '<'
JavaScript error: http://172.17.0.2:1337/script.js, line 1: SyntaxError: expected expression, got '<'
1651337598893	Marionette	INFO	Stopped listening on port 35497
JavaScript error: resource:///modules/Interactions.jsm, line 209: NS_ERROR_FAILURE: Component returned failure code: 0x80004005 (NS_ERROR_FAILURE) [nsIUserIdleService.removeIdleObserver]
JavaScript error: chrome://remote/content/marionette/cert.js, line 55: NS_ERROR_NOT_AVAILABLE: Component returned failure code: 0x80040111 (NS_ERROR_NOT_AVAILABLE) [nsICertOverrideService.setDisableAllSecurityChecksAndLetAttackersInterceptMyData]
!!! error running onStopped callback: TypeError: callback is not a function

###!!! [Parent][RunMessage] Error: Channel closing: too late to send/recv, messages will be lost

1651337599214	RemoteAgent	ERROR	unable to stop listener: [Exception... "Component returned failure code: 0x8000ffff (NS_ERROR_UNEXPECTED) [nsIWindowMediator.getEnumerator]"  nsresult: "0x8000ffff (NS_ERROR_UNEXPECTED)"  location: "JS frame :: chrome://remote/content/cdp/observers/TargetObserver.jsm :: stop :: line 64"  data: no] Stack trace: stop()@TargetObserver.jsm:64
unwatchForTabs()@TargetList.jsm:70
unwatchForTargets()@TargetList.jsm:37
destructor()@TargetList.jsm:109
stop()@CDP.jsm:104
close()@RemoteAgent.jsm:138
1651337610342	Marionette	INFO	Stopped listening on port 46493
JavaScript error: resource:///modules/Interactions.jsm, line 209: NS_ERROR_FAILURE: Component returned failure code: 0x80004005 (NS_ERROR_FAILURE) [nsIUserIdleService.removeIdleObserver]
!!! error running onStopped callback: TypeError: callback is not a function

###!!! [Parent][RunMessage] Error: Channel closing: too late to send/recv, messages will be lost

1651337610650	RemoteAgent	ERROR	unable to stop listener: [Exception... "Component returned failure code: 0x8000ffff (NS_ERROR_UNEXPECTED) [nsIWindowMediator.getEnumerator]"  nsresult: "0x8000ffff (NS_ERROR_UNEXPECTED)"  location: "JS frame :: chrome://remote/content/cdp/observers/TargetObserver.jsm :: stop :: line 64"  data: no] Stack trace: stop()@TargetObserver.jsm:64
unwatchForTabs()@TargetList.jsm:70
unwatchForTargets()@TargetList.jsm:37
destructor()@TargetList.jsm:109
stop()@CDP.jsm:104
close()@RemoteAgent.jsm:138
1651338031625	geckodriver	INFO	Listening on 127.0.0.1:53395
1651338031683	mozrunner::runner	INFO	Running command: "/usr/bin/firefox" "--marionette" "--remote-debugging-port" "37983" "--remote-allow-hosts" "localhost" "-no-remote" "-profile" "/tmp/rust_mozprofile6omaco"
console.error: Enterprise Policies: 
  Error parsing JSON file: SyntaxError: JSON.parse: expected double-quoted property name at line 16 column 5 of the JSON data
1651338032077	Marionette	INFO	Marionette enabled
console.warn: SearchSettings: "get: No settings file exists, new profile?" (new NotFoundError("Could not open the file at /tmp/rust_mozprofile6omaco/search.json.mozlz4", (void 0)))
DevTools listening on ws://localhost:37983/devtools/browser/85b98576-918a-4c88-9ef0-ac7c8dcc00b1
1651338033504	Marionette	INFO	Listening on port 36113
1651338033640	RemoteAgent	WARN	TLS certificate errors will be ignored for this session
JavaScript error: http://172.17.0.2:1337/script.js, line 1: SyntaxError: expected expression, got '<'
JavaScript error: http://172.17.0.2:1337/script.js, line 1: SyntaxError: expected expression, got '<'
console.warn: LoginRecipes: "getRecipes: falling back to a synchronous message for:" "http://172.17.0.2:1337"
JavaScript error: resource://devtools/server/actors/network-monitor/network-event-actor.js, line 109: Error: Got a request https://maxcdn.bootstrapcdn.com/bootstrap/3.3.7/css/bootstrap.min.css without a browsingContextID set
console.error: (new TypeError("container.node.targetFront is null", "resource://devtools/client/inspector/markup/markup.js", 2309))
console.warn: "Resource  of root-node was not found."
JavaScript error: http://172.17.0.2:1337/script.js, line 1: SyntaxError: expected expression, got '<'
console.warn: "Resource  of root-node was not found."
JavaScript error: http://172.17.0.2:1337/script.js, line 1: SyntaxError: expected expression, got '<'
console.warn: "Resource  of root-node was not found."
JavaScript error: http://172.17.0.2:1337/script.js, line 1: SyntaxError: expected expression, got '<'
console.warn: "Resource  of root-node was not found."
JavaScript error: http://172.17.0.2:1337/script.js, line 1: SyntaxError: expected expression, got '<'
console.warn: LoginRecipes: "getRecipes: falling back to a synchronous message for:" "http://172.17.0.2:1337"
1651338504284	geckodriver	INFO	Listening on 127.0.0.1:53941
1651338504345	mozrunner::runner	INFO	Running command: "/usr/bin/firefox" "--marionette" "--remote-debugging-port" "57193" "--remote-allow-hosts" "localhost" "-no-remote" "-profile" "/tmp/rust_mozprofileWkyYxc"
console.error: Enterprise Policies: 
  Error parsing JSON file: SyntaxError: JSON.parse: expected double-quoted property name at line 16 column 5 of the JSON data
1651338504734	Marionette	INFO	Marionette enabled
console.warn: SearchSettings: "get: No settings file exists, new profile?" (new NotFoundError("Could not open the file at /tmp/rust_mozprofileWkyYxc/search.json.mozlz4", (void 0)))
DevTools listening on ws://localhost:57193/devtools/browser/463b205b-9b36-43dc-8df1-3867d41f0129
1651338506150	Marionette	INFO	Listening on port 35347
1651338506258	RemoteAgent	WARN	TLS certificate errors will be ignored for this session
JavaScript error: http://172.17.0.2:1337/script.js, line 1: SyntaxError: expected expression, got '<'
1651338508429	Marionette	INFO	Stopped listening on port 35347
JavaScript error: resource:///modules/Interactions.jsm, line 209: NS_ERROR_FAILURE: Component returned failure code: 0x80004005 (NS_ERROR_FAILURE) [nsIUserIdleService.removeIdleObserver]
JavaScript error: chrome://remote/content/marionette/cert.js, line 55: NS_ERROR_NOT_AVAILABLE: Component returned failure code: 0x80040111 (NS_ERROR_NOT_AVAILABLE) [nsICertOverrideService.setDisableAllSecurityChecksAndLetAttackersInterceptMyData]
!!! error running onStopped callback: TypeError: callback is not a function

###!!! [Parent][RunMessage] Error: Channel closing: too late to send/recv, messages will be lost

1651338508779	RemoteAgent	ERROR	unable to stop listener: [Exception... "Component returned failure code: 0x8000ffff (NS_ERROR_UNEXPECTED) [nsIWindowMediator.getEnumerator]"  nsresult: "0x8000ffff (NS_ERROR_UNEXPECTED)"  location: "JS frame :: chrome://remote/content/cdp/observers/TargetObserver.jsm :: stop :: line 64"  data: no] Stack trace: stop()@TargetObserver.jsm:64
unwatchForTabs()@TargetList.jsm:70
unwatchForTargets()@TargetList.jsm:37
destructor()@TargetList.jsm:109
stop()@CDP.jsm:104
close()@RemoteAgent.jsm:138
1651338513253	geckodriver	INFO	Listening on 127.0.0.1:58379
1651338513309	mozrunner::runner	INFO	Running command: "/usr/bin/firefox" "--marionette" "--remote-debugging-port" "41135" "--remote-allow-hosts" "localhost" "-no-remote" "-profile" "/tmp/rust_mozprofileGXxNnp"
console.error: Enterprise Policies: 
  Error parsing JSON file: SyntaxError: JSON.parse: expected double-quoted property name at line 16 column 5 of the JSON data
1651338513699	Marionette	INFO	Marionette enabled
console.warn: SearchSettings: "get: No settings file exists, new profile?" (new NotFoundError("Could not open the file at /tmp/rust_mozprofileGXxNnp/search.json.mozlz4", (void 0)))
DevTools listening on ws://localhost:41135/devtools/browser/a2749fe2-a85a-4af2-b593-285ea02fc10e
1651338515119	Marionette	INFO	Listening on port 33505
1651338515216	RemoteAgent	WARN	TLS certificate errors will be ignored for this session
JavaScript error: http://172.17.0.2:1337/script.js, line 1: SyntaxError: expected expression, got '<'
1651338517202	Marionette	INFO	Stopped listening on port 33505
JavaScript error: resource:///modules/Interactions.jsm, line 209: NS_ERROR_FAILURE: Component returned failure code: 0x80004005 (NS_ERROR_FAILURE) [nsIUserIdleService.removeIdleObserver]
JavaScript error: chrome://remote/content/marionette/cert.js, line 55: NS_ERROR_NOT_AVAILABLE: Component returned failure code: 0x80040111 (NS_ERROR_NOT_AVAILABLE) [nsICertOverrideService.setDisableAllSecurityChecksAndLetAttackersInterceptMyData]
!!! error running onStopped callback: TypeError: callback is not a function

###!!! [Parent][RunMessage] Error: Channel closing: too late to send/recv, messages will be lost

1651338517574	RemoteAgent	ERROR	unable to stop listener: [Exception... "Component returned failure code: 0x8000ffff (NS_ERROR_UNEXPECTED) [nsIWindowMediator.getEnumerator]"  nsresult: "0x8000ffff (NS_ERROR_UNEXPECTED)"  location: "JS frame :: chrome://remote/content/cdp/observers/TargetObserver.jsm :: stop :: line 64"  data: no] Stack trace: stop()@TargetObserver.jsm:64
unwatchForTabs()@TargetList.jsm:70
unwatchForTargets()@TargetList.jsm:37
destructor()@TargetList.jsm:109
stop()@CDP.jsm:104
close()@RemoteAgent.jsm:138
console.warn: LoginRecipes: "getRecipes: falling back to a synchronous message for:" "http://172.17.0.2:1337"
1651338714889	geckodriver	INFO	Listening on 127.0.0.1:35553
1651338714959	mozrunner::runner	INFO	Running command: "/usr/bin/firefox" "--marionette" "--remote-debugging-port" "35155" "--remote-allow-hosts" "localhost" "-no-remote" "-profile" "/tmp/rust_mozprofile6gGT7z"
console.error: Enterprise Policies: 
  Error parsing JSON file: SyntaxError: JSON.parse: expected double-quoted property name at line 16 column 5 of the JSON data
1651338715341	Marionette	INFO	Marionette enabled
console.warn: SearchSettings: "get: No settings file exists, new profile?" (new NotFoundError("Could not open the file at /tmp/rust_mozprofile6gGT7z/search.json.mozlz4", (void 0)))
DevTools listening on ws://localhost:35155/devtools/browser/b859b903-888d-401f-953f-da2b4a9eb917
1651338716698	Marionette	INFO	Listening on port 34639
1651338716889	RemoteAgent	WARN	TLS certificate errors will be ignored for this session
JavaScript error: http://172.17.0.2:1337/script.js, line 1: SyntaxError: expected expression, got '<'
1651338720538	Marionette	INFO	Stopped listening on port 34639
JavaScript error: resource:///modules/Interactions.jsm, line 209: NS_ERROR_FAILURE: Component returned failure code: 0x80004005 (NS_ERROR_FAILURE) [nsIUserIdleService.removeIdleObserver]
JavaScript error: chrome://remote/content/marionette/cert.js, line 55: NS_ERROR_NOT_AVAILABLE: Component returned failure code: 0x80040111 (NS_ERROR_NOT_AVAILABLE) [nsICertOverrideService.setDisableAllSecurityChecksAndLetAttackersInterceptMyData]
!!! error running onStopped callback: TypeError: callback is not a function

###!!! [Parent][RunMessage] Error: Channel closing: too late to send/recv, messages will be lost

1651338720847	RemoteAgent	ERROR	unable to stop listener: [Exception... "Component returned failure code: 0x8000ffff (NS_ERROR_UNEXPECTED) [nsIWindowMediator.getEnumerator]"  nsresult: "0x8000ffff (NS_ERROR_UNEXPECTED)"  location: "JS frame :: chrome://remote/content/cdp/observers/TargetObserver.jsm :: stop :: line 64"  data: no] Stack trace: stop()@TargetObserver.jsm:64
unwatchForTabs()@TargetList.jsm:70
unwatchForTargets()@TargetList.jsm:37
destructor()@TargetList.jsm:109
stop()@CDP.jsm:104
close()@RemoteAgent.jsm:138
1651338748911	geckodriver::marionette	ERROR	Failed to close browser connection: Socket not connected (os error 107)
1651338783368	geckodriver	INFO	Listening on 127.0.0.1:52951
1651338783432	mozrunner::runner	INFO	Running command: "/usr/bin/firefox" "--marionette" "--remote-debugging-port" "58415" "--remote-allow-hosts" "localhost" "-no-remote" "-profile" "/tmp/rust_mozprofile8cu5M6"
console.error: Enterprise Policies: 
  Error parsing JSON file: SyntaxError: JSON.parse: expected double-quoted property name at line 16 column 5 of the JSON data
1651338783812	Marionette	INFO	Marionette enabled
console.warn: SearchSettings: "get: No settings file exists, new profile?" (new NotFoundError("Could not open the file at /tmp/rust_mozprofile8cu5M6/search.json.mozlz4", (void 0)))
DevTools listening on ws://localhost:58415/devtools/browser/c227aba9-4d58-4568-8932-cec0557e1d08
1651338785282	Marionette	INFO	Listening on port 45919
1651338785389	RemoteAgent	WARN	TLS certificate errors will be ignored for this session
JavaScript error: http://172.17.0.2:1337/script.js, line 1: SyntaxError: expected expression, got '<'
1651338786849	Marionette	INFO	Stopped listening on port 45919
JavaScript error: resource:///modules/Interactions.jsm, line 209: NS_ERROR_FAILURE: Component returned failure code: 0x80004005 (NS_ERROR_FAILURE) [nsIUserIdleService.removeIdleObserver]
JavaScript error: chrome://remote/content/marionette/cert.js, line 55: NS_ERROR_NOT_AVAILABLE: Component returned failure code: 0x80040111 (NS_ERROR_NOT_AVAILABLE) [nsICertOverrideService.setDisableAllSecurityChecksAndLetAttackersInterceptMyData]
!!! error running onStopped callback: TypeError: callback is not a function

###!!! [Parent][RunMessage] Error: Channel closing: too late to send/recv, messages will be lost

1651338787177	RemoteAgent	ERROR	unable to stop listener: [Exception... "Component returned failure code: 0x8000ffff (NS_ERROR_UNEXPECTED) [nsIWindowMediator.getEnumerator]"  nsresult: "0x8000ffff (NS_ERROR_UNEXPECTED)"  location: "JS frame :: chrome://remote/content/cdp/observers/TargetObserver.jsm :: stop :: line 64"  data: no] Stack trace: stop()@TargetObserver.jsm:64
unwatchForTabs()@TargetList.jsm:70
unwatchForTargets()@TargetList.jsm:37
destructor()@TargetList.jsm:109
stop()@CDP.jsm:104
close()@RemoteAgent.jsm:138
1651338788222	geckodriver::marionette	ERROR	Failed to close browser connection: Socket not connected (os error 107)
1651338839971	geckodriver	INFO	Listening on 127.0.0.1:45905
1651338840033	mozrunner::runner	INFO	Running command: "/usr/bin/firefox" "--marionette" "--remote-debugging-port" "51389" "--remote-allow-hosts" "localhost" "-no-remote" "-profile" "/tmp/rust_mozprofile4j9SRq"
console.error: Enterprise Policies: 
  Error parsing JSON file: SyntaxError: JSON.parse: expected double-quoted property name at line 16 column 5 of the JSON data
1651338840414	Marionette	INFO	Marionette enabled
console.warn: SearchSettings: "get: No settings file exists, new profile?" (new NotFoundError("Could not open the file at /tmp/rust_mozprofile4j9SRq/search.json.mozlz4", (void 0)))
DevTools listening on ws://localhost:51389/devtools/browser/a258742b-6f12-4e37-a3d8-ed858dec58e2
1651338841781	Marionette	INFO	Listening on port 41649
1651338841956	RemoteAgent	WARN	TLS certificate errors will be ignored for this session
1651338845427	Marionette	INFO	Stopped listening on port 41649
JavaScript error: resource:///modules/Interactions.jsm, line 209: NS_ERROR_FAILURE: Component returned failure code: 0x80004005 (NS_ERROR_FAILURE) [nsIUserIdleService.removeIdleObserver]
JavaScript error: chrome://remote/content/marionette/cert.js, line 55: NS_ERROR_NOT_AVAILABLE: Component returned failure code: 0x80040111 (NS_ERROR_NOT_AVAILABLE) [nsICertOverrideService.setDisableAllSecurityChecksAndLetAttackersInterceptMyData]
!!! error running onStopped callback: TypeError: callback is not a function

###!!! [Parent][RunMessage] Error: Channel closing: too late to send/recv, messages will be lost

1651338845740	RemoteAgent	ERROR	unable to stop listener: [Exception... "Component returned failure code: 0x8000ffff (NS_ERROR_UNEXPECTED) [nsIWindowMediator.getEnumerator]"  nsresult: "0x8000ffff (NS_ERROR_UNEXPECTED)"  location: "JS frame :: chrome://remote/content/cdp/observers/TargetObserver.jsm :: stop :: line 64"  data: no] Stack trace: stop()@TargetObserver.jsm:64
unwatchForTabs()@TargetList.jsm:70
unwatchForTargets()@TargetList.jsm:37
destructor()@TargetList.jsm:109
stop()@CDP.jsm:104
close()@RemoteAgent.jsm:138
console.warn: LoginRecipes: "getRecipes: falling back to a synchronous message for:" "http://172.17.0.2:1337"
IPDL protocol error: Handler returned error code!

###!!! [Parent][DispatchAsyncMessage] Error: PClientManager::Msg_ExpectFutureClientSource Processing error: message was deserialized, but the handler returned false (indicating failure)

IPDL protocol error: Handler returned error code!

###!!! [Parent][DispatchAsyncMessage] Error: PClientManager::Msg_ForgetFutureClientSource Processing error: message was deserialized, but the handler returned false (indicating failure)

1651342914291	Marionette	INFO	Stopped listening on port 36113
JavaScript error: resource:///modules/Interactions.jsm, line 209: NS_ERROR_FAILURE: Component returned failure code: 0x80004005 (NS_ERROR_FAILURE) [nsIUserIdleService.removeIdleObserver]
!!! error running onStopped callback: TypeError: callback is not a function

###!!! [Parent][RunMessage] Error: Channel closing: too late to send/recv, messages will be lost

1651342914483	RemoteAgent	ERROR	unable to stop listener: [Exception... "Component returned failure code: 0x8000ffff (NS_ERROR_UNEXPECTED) [nsIWindowMediator.getEnumerator]"  nsresult: "0x8000ffff (NS_ERROR_UNEXPECTED)"  location: "JS frame :: chrome://remote/content/cdp/observers/TargetObserver.jsm :: stop :: line 64"  data: no] Stack trace: stop()@TargetObserver.jsm:64
unwatchForTabs()@TargetList.jsm:70
unwatchForTargets()@TargetList.jsm:37
destructor()@TargetList.jsm:109
stop()@CDP.jsm:104
close()@RemoteAgent.jsm:138
